autoaugment_mixup {'alpha': 2}
Namespace(amsgrad=False, batch_size=64, beta1=0.9, beta2=0.999, checkpoint_file=None, exp_kwargs={'alpha': 2}, exp_type='autoaugment_mixup', gamma=0.1, job_id='1', loss_function='CEL', lr=0.006, momentum=0.5, num_epochs=15, num_of_frozen_blocks=2, num_workers=1, optimizer_type='SGD', path='/home/s1870157/Advanced-Vision/mlp-cluster', step_size=7, weight_decay=0.006)
50000
40000
10000
Loading /home/s1870157/Advanced-Vision/mlp-cluster/resnet50_fconv_model_best.pth.tar...
Epoch 0/14
----------
train Loss: 6.6638 Acc: 0.0955
val Loss: 3.9582 Acc: 0.2219

Epoch 1/14
----------
train Loss: 5.6787 Acc: 0.1307
val Loss: 3.7908 Acc: 0.2428

Epoch 2/14
----------
train Loss: 5.6002 Acc: 0.1457
val Loss: 3.7857 Acc: 0.2488

Epoch 3/14
----------
train Loss: 5.5540 Acc: 0.1506
val Loss: 3.7212 Acc: 0.2596

Epoch 4/14
----------
train Loss: 5.5150 Acc: 0.1583
val Loss: 3.6399 Acc: 0.2710

Epoch 5/14
----------
train Loss: 5.4800 Acc: 0.1658
val Loss: 3.5265 Acc: 0.2890

Epoch 6/14
----------
train Loss: 5.4421 Acc: 0.1717
val Loss: 3.5576 Acc: 0.2858

Epoch 7/14
----------
train Loss: 5.4006 Acc: 0.1820
val Loss: 3.4876 Acc: 0.2980

Epoch 8/14
----------
train Loss: 5.3907 Acc: 0.1854
val Loss: 3.5081 Acc: 0.2978

Epoch 9/14
----------
train Loss: 5.3825 Acc: 0.1867
val Loss: 3.4758 Acc: 0.3035

Epoch 10/14
----------
train Loss: 5.3830 Acc: 0.1801
val Loss: 3.4787 Acc: 0.3016

Epoch 11/14
----------
train Loss: 5.3847 Acc: 0.1841
val Loss: 3.4683 Acc: 0.3055

Epoch 12/14
----------
