cutout_mixup {'alpha': 2}
Namespace(amsgrad=False, batch_size=64, beta1=0.9, beta2=0.999, checkpoint_file=None, exp_kwargs={'alpha': 2}, exp_type='cutout_mixup', gamma=0.1, job_id='2', loss_function='CEL', lr=0.01, momentum=0.5, num_epochs=15, num_of_frozen_blocks=2, num_workers=1, optimizer_type='SGD', path='/home/s1870157/Advanced-Vision/mlp-cluster', step_size=7, weight_decay=0.006)
50000
40000
10000
Loading /home/s1870157/Advanced-Vision/mlp-cluster/resnet50_fconv_model_best.pth.tar...
Epoch 0/14
----------
train Loss: 6.1565 Acc: 0.1253
val Loss: 3.9794 Acc: 0.2277

Epoch 1/14
----------
train Loss: 5.4431 Acc: 0.1599
val Loss: 3.7631 Acc: 0.2508

Epoch 2/14
----------
train Loss: 5.3460 Acc: 0.1793
val Loss: 3.6277 Acc: 0.2738

Epoch 3/14
----------
train Loss: 5.2943 Acc: 0.1881
val Loss: 3.6740 Acc: 0.2712

Epoch 4/14
----------
train Loss: 5.2433 Acc: 0.1983
val Loss: 3.6048 Acc: 0.2841

Epoch 5/14
----------
train Loss: 5.1983 Acc: 0.2042
val Loss: 3.5580 Acc: 0.2936

Epoch 6/14
----------
train Loss: 5.1714 Acc: 0.2131
val Loss: 3.5708 Acc: 0.2909

Epoch 7/14
----------
train Loss: 5.0992 Acc: 0.2282
val Loss: 3.4518 Acc: 0.3164

Epoch 8/14
----------
train Loss: 5.0759 Acc: 0.2343
val Loss: 3.3796 Acc: 0.3246

Epoch 9/14
----------
train Loss: 5.0628 Acc: 0.2360
val Loss: 3.3471 Acc: 0.3308

Epoch 10/14
----------
train Loss: 5.0494 Acc: 0.2390
val Loss: 3.3712 Acc: 0.3258

Epoch 11/14
----------
train Loss: 5.0471 Acc: 0.2391
val Loss: 3.3376 Acc: 0.3350

Epoch 12/14
----------
