early_mixup {'stop_point': 2}
50000
40000
10000
Epoch 0/14
----------
train Loss: 5.0445 Acc: 0.2193
val Loss: 3.3681 Acc: 0.3034

Epoch 1/14
----------
train Loss: 4.0612 Acc: 0.2663
val Loss: 3.1459 Acc: 0.3327

Epoch 2/14
----------
train Loss: 3.2421 Acc: 0.3101
val Loss: 3.0914 Acc: 0.3378

Epoch 3/14
----------
train Loss: 3.0865 Acc: 0.3372
val Loss: 3.1014 Acc: 0.3411

Epoch 4/14
----------
train Loss: 2.9871 Acc: 0.3461
val Loss: 3.0886 Acc: 0.3323

Epoch 5/14
----------
train Loss: 2.8837 Acc: 0.3663
val Loss: 3.1076 Acc: 0.3339

Epoch 6/14
----------
train Loss: 2.7988 Acc: 0.3785
val Loss: 3.0959 Acc: 0.3340

Epoch 7/14
----------
train Loss: 2.5605 Acc: 0.4257
val Loss: 2.9762 Acc: 0.3568

Epoch 8/14
----------
train Loss: 2.5278 Acc: 0.4318
val Loss: 2.9692 Acc: 0.3576

Epoch 9/14
----------
train Loss: 2.4990 Acc: 0.4384
val Loss: 2.9687 Acc: 0.3564

Epoch 10/14
----------
train Loss: 2.4769 Acc: 0.4437
val Loss: 2.9697 Acc: 0.3584

Epoch 11/14
----------
train Loss: 2.4697 Acc: 0.4472
val Loss: 2.9648 Acc: 0.3611

Epoch 12/14
----------
train Loss: 2.4477 Acc: 0.4530
val Loss: 2.9671 Acc: 0.3605

Epoch 13/14
----------
train Loss: 2.4373 Acc: 0.4541
val Loss: 2.9606 Acc: 0.3589

Epoch 14/14
----------
train Loss: 2.4086 Acc: 0.4599
val Loss: 2.9604 Acc: 0.3573

Training complete in 357m 13s
Best val Acc: 0.361100
