p_cutmix {'p': 0.2, 'alpha': 3}
Namespace(amsgrad=False, beta1=0.9, beta2=0.999, exp_kwargs={'p': 0.2, 'alpha': 3}, exp_type='p_cutmix', gamma=0.1, label_smoothing=0.0, loss_function='CEL', lr=0.006, momentum=0.5, num_epochs=15, num_of_frozen_blocks=2, optimizer_type='SGD', path='/home/s1870157/Advanced-Vision/mlp-cluster', reduction='mean', step_size=7, weight_decay=0.006)
50000
40000
10000
Epoch 0/14
----------
train Loss: 4.7791 Acc: 0.2206
val Loss: 3.3549 Acc: 0.2954

Epoch 1/14
----------
train Loss: 4.7641 Acc: 0.2209
val Loss: 3.3629 Acc: 0.3012

Epoch 1/14
----------
train Loss: 3.7602 Acc: 0.2707
val Loss: 3.2418 Acc: 0.3203

Epoch 2/14
----------
train Loss: 3.6003 Acc: 0.2880
val Loss: 3.1866 Acc: 0.3279

Epoch 3/14
----------
train Loss: 3.4997 Acc: 0.3059
val Loss: 3.1690 Acc: 0.3310

Epoch 4/14
----------
train Loss: 3.4281 Acc: 0.3159
val Loss: 3.1664 Acc: 0.3290

Epoch 5/14
----------
train Loss: 3.3430 Acc: 0.3291
val Loss: 3.1319 Acc: 0.3355

Epoch 6/14
----------
train Loss: 3.2672 Acc: 0.3389
val Loss: 3.1611 Acc: 0.3303

Epoch 7/14
----------
train Loss: 3.0996 Acc: 0.3777
val Loss: 3.0324 Acc: 0.3508

Epoch 8/14
----------
train Loss: 3.0588 Acc: 0.3856
val Loss: 3.0281 Acc: 0.3544

Epoch 9/14
----------
train Loss: 3.0383 Acc: 0.3900
val Loss: 3.0199 Acc: 0.3548

Epoch 10/14
----------
train Loss: 3.0203 Acc: 0.3924
val Loss: 3.0202 Acc: 0.3529

Epoch 11/14
----------
train Loss: 3.0014 Acc: 0.3975
val Loss: 3.0167 Acc: 0.3533

Epoch 12/14
----------
train Loss: 2.9917 Acc: 0.3982
val Loss: 3.0074 Acc: 0.3573

Epoch 13/14
----------
train Loss: 2.9808 Acc: 0.4006
val Loss: 3.0106 Acc: 0.3561

Epoch 14/14
----------
train Loss: 2.9623 Acc: 0.4081
val Loss: 3.0131 Acc: 0.3532

Training complete in 375m 15s
Best val Acc: 0.357300
