oneof__mixup_cutmix {'alpha1': 2, 'alpha2': 3}
Namespace(amsgrad=False, beta1=0.9, beta2=0.999, exp_kwargs={'alpha1': 2, 'alpha2': 3}, exp_type='oneof__mixup_cutmix', gamma=0.1, label_smoothing=0.0, loss_function='CEL', lr=0.006, momentum=0.5, num_epochs=15, num_of_frozen_blocks=2, optimizer_type='SGD', path='/home/s1870157/Advanced-Vision/mlp-cluster', reduction='mean', step_size=7, weight_decay=0.006)
50000
40000
10000
Epoch 0/14
----------
train Loss: 6.3879 Acc: 0.1123
val Loss: 3.6095 Acc: 0.2650

Epoch 1/14
----------
train Loss: 5.3754 Acc: 0.1537
val Loss: 3.4854 Acc: 0.2873

Epoch 2/14
----------
train Loss: 5.3021 Acc: 0.1639
val Loss: 3.4103 Acc: 0.2996

Epoch 3/14
----------
train Loss: 5.2441 Acc: 0.1696
val Loss: 3.3878 Acc: 0.3041

Epoch 4/14
----------
train Loss: 5.1861 Acc: 0.1797
val Loss: 3.3131 Acc: 0.3157

Epoch 5/14
----------
train Loss: 5.1590 Acc: 0.1871
val Loss: 3.2892 Acc: 0.3221

Epoch 6/14
----------
train Loss: 5.1247 Acc: 0.1885
val Loss: 3.2579 Acc: 0.3252

Epoch 7/14
----------
train Loss: 5.0754 Acc: 0.1990
val Loss: 3.1848 Acc: 0.3369

Epoch 8/14
----------
train Loss: 5.0598 Acc: 0.2022
val Loss: 3.1864 Acc: 0.3380

Epoch 9/14
----------
train Loss: 5.0513 Acc: 0.2045
val Loss: 3.1667 Acc: 0.3393

Epoch 10/14
----------
train Loss: 5.0476 Acc: 0.2066
val Loss: 3.1670 Acc: 0.3400

Epoch 11/14
----------
train Loss: 5.0367 Acc: 0.2059
val Loss: 3.1539 Acc: 0.3405

Epoch 12/14
----------
