oneof__mixup_cutmix {'alpha1': 2, 'alpha2': 3}
Namespace(amsgrad=False, beta1=0.9, beta2=0.999, exp_kwargs={'alpha1': 2, 'alpha2': 3}, exp_type='oneof__mixup_cutmix', gamma=0.1, label_smoothing=0.0, loss_function='CEL', lr=0.01, momentum=0.5, num_epochs=15, num_of_frozen_blocks=2, optimizer_type='SGD', path='/home/s1870157/Advanced-Vision/mlp-cluster', reduction='mean', step_size=7, weight_decay=0.006)
50000
40000
10000
Epoch 0/14
----------
train Loss: 6.0840 Acc: 0.1184
val Loss: 3.6271 Acc: 0.2574

Epoch 1/14
----------
train Loss: 5.3370 Acc: 0.1571
val Loss: 3.5067 Acc: 0.2817

Epoch 2/14
----------
train Loss: 5.2503 Acc: 0.1709
val Loss: 3.4230 Acc: 0.2956

Epoch 3/14
----------
train Loss: 5.1900 Acc: 0.1792
val Loss: 3.3801 Acc: 0.2975

Epoch 4/14
----------
train Loss: 5.1381 Acc: 0.1846
val Loss: 3.3618 Acc: 0.3029

Epoch 5/14
----------
train Loss: 5.0985 Acc: 0.1947
val Loss: 3.3042 Acc: 0.3069

Epoch 6/14
----------
train Loss: 5.0626 Acc: 0.1966
val Loss: 3.2981 Acc: 0.3095

Epoch 7/14
----------
train Loss: 4.9947 Acc: 0.2127
val Loss: 3.1564 Acc: 0.3357

Epoch 8/14
----------
train Loss: 4.9661 Acc: 0.2183
val Loss: 3.1304 Acc: 0.3433

Epoch 9/14
----------
train Loss: 4.9593 Acc: 0.2213
val Loss: 3.1321 Acc: 0.3415

Epoch 10/14
----------
train Loss: 4.9407 Acc: 0.2230
val Loss: 3.1098 Acc: 0.3430

Epoch 11/14
----------
train Loss: 4.9356 Acc: 0.2266
val Loss: 3.1077 Acc: 0.3445

Epoch 12/14
----------
