mixup_mixup {'alpha1': 2, 'alpha2': 3}
Namespace(amsgrad=False, beta1=0.9, beta2=0.999, exp_kwargs={'alpha1': 2, 'alpha2': 3}, exp_type='mixup_mixup', gamma=0.1, label_smoothing=0.0, loss_function='CEL', lr=0.006, momentum=0.5, num_epochs=15, num_of_frozen_blocks=2, optimizer_type='SGD', path='/home/s1870157/Advanced-Vision/mlp-cluster', reduction='mean', step_size=7, weight_decay=0.006)
50000
40000
10000
Epoch 0/14
----------
train Loss: 6.8499 Acc: 0.0990
val Loss: 4.1672 Acc: 0.2155

Epoch 1/14
----------
train Loss: 5.8634 Acc: 0.1383
val Loss: 4.1443 Acc: 0.2332

Epoch 2/14
----------
train Loss: 5.7851 Acc: 0.1557
val Loss: 4.0174 Acc: 0.2527

Epoch 3/14
----------
train Loss: 5.7408 Acc: 0.1641
val Loss: 3.9596 Acc: 0.2578

Epoch 4/14
----------
train Loss: 5.7033 Acc: 0.1721
val Loss: 3.6948 Acc: 0.2794

Epoch 5/14
----------
train Loss: 5.6722 Acc: 0.1789
val Loss: 3.6751 Acc: 0.2921

Epoch 6/14
----------
train Loss: 5.6438 Acc: 0.1846
val Loss: 3.6246 Acc: 0.2903

Epoch 7/14
----------
