basic_then_mixup {'alpha': 2}
Namespace(amsgrad=False, batch_size=64, beta1=0.9, beta2=0.999, checkpoint_file=None, exp_kwargs={'alpha': 2}, exp_type='basic_then_mixup', gamma=0.1, job_id='1', loss_function='CEL', lr=0.006, momentum=0.5, num_epochs=15, num_of_frozen_blocks=2, num_workers=1, optimizer_type='SGD', path='/home/s1870157/Advanced-Vision/mlp-cluster', step_size=7, weight_decay=0.006)
50000
40000
10000
Loading /home/s1870157/Advanced-Vision/mlp-cluster/resnet50_fconv_model_best.pth.tar...
Epoch 0/14
----------
train Loss: 4.9479 Acc: 0.1822
val Loss: 3.5147 Acc: 0.2838
Saving checkpoint for epoch 0...

Epoch 1/14
----------
train Loss: 3.8468 Acc: 0.2298
val Loss: 3.3576 Acc: 0.2985
Saving checkpoint for epoch 1...

Epoch 2/14
----------
train Loss: 3.6777 Acc: 0.2523
val Loss: 3.3078 Acc: 0.3144
Saving checkpoint for epoch 2...

Epoch 3/14
----------
train Loss: 3.5703 Acc: 0.2647
val Loss: 3.2531 Acc: 0.3095

Epoch 4/14
----------
train Loss: 3.4832 Acc: 0.2774
val Loss: 3.2463 Acc: 0.3115

Epoch 5/14
----------
train Loss: 5.2923 Acc: 0.2148
val Loss: 3.6119 Acc: 0.2821

Epoch 6/14
----------
train Loss: 5.1752 Acc: 0.2253
val Loss: 3.5525 Acc: 0.2936

Epoch 7/14
----------
train Loss: 5.1300 Acc: 0.2375
val Loss: 3.5345 Acc: 0.2990

Epoch 8/14
----------
train Loss: 5.1176 Acc: 0.2419
val Loss: 3.5127 Acc: 0.3022

Epoch 9/14
----------
train Loss: 5.1053 Acc: 0.2413
val Loss: 3.4398 Acc: 0.3119

Epoch 10/14
----------
train Loss: 5.0953 Acc: 0.2438
val Loss: 3.4841 Acc: 0.3081

Epoch 11/14
----------
train Loss: 5.0985 Acc: 0.2429
val Loss: 3.4245 Acc: 0.3152
Saving checkpoint for epoch 11...

Epoch 12/14
----------
train Loss: 5.0888 Acc: 0.2432
val Loss: 3.4841 Acc: 0.3081

Epoch 13/14
----------
