cutmix {'alpha': 5}
Namespace(amsgrad=False, beta1=0.9, beta2=0.999, exp_kwargs={'alpha': 5}, exp_type='cutmix', gamma=0.1, label_smoothing=0.0, loss_function='CEL', lr=0.006, momentum=0.5, num_epochs=15, num_of_frozen_blocks=2, optimizer_type='SGD', path='/home/s1870157/Advanced-Vision/mlp-cluster', reduction='mean', step_size=7, weight_decay=0.006)
50000
40000
10000
Epoch 0/14
----------
train Loss: 6.2310 Acc: 0.1135
val Loss: 3.4956 Acc: 0.2796

Epoch 1/14
----------
train Loss: 5.2039 Acc: 0.1487
val Loss: 3.4161 Acc: 0.2918

Epoch 2/14
----------
train Loss: 5.1209 Acc: 0.1596
val Loss: 3.3378 Acc: 0.3031

Epoch 3/14
----------
train Loss: 5.0483 Acc: 0.1688
val Loss: 3.2790 Acc: 0.3065

Epoch 4/14
----------
train Loss: 5.0015 Acc: 0.1774
val Loss: 3.2404 Acc: 0.3113

Epoch 5/14
----------
train Loss: 4.9546 Acc: 0.1839
val Loss: 3.2167 Acc: 0.3176

Epoch 6/14
----------
train Loss: 4.9200 Acc: 0.1885
val Loss: 3.1884 Acc: 0.3209

Epoch 7/14
----------
train Loss: 4.8606 Acc: 0.1996
val Loss: 3.1317 Acc: 0.3308

Epoch 8/14
----------
train Loss: 4.8439 Acc: 0.2016
val Loss: 3.1254 Acc: 0.3298

Epoch 9/14
----------
train Loss: 4.8281 Acc: 0.2053
val Loss: 3.0983 Acc: 0.3353

Epoch 10/14
----------
train Loss: 4.8306 Acc: 0.2054
val Loss: 3.1070 Acc: 0.3335

Epoch 11/14
----------
train Loss: 4.8174 Acc: 0.2069
val Loss: 3.0951 Acc: 0.3359

Epoch 12/14
----------
