cutmix {'alpha': 4}
Namespace(amsgrad=False, beta1=0.9, beta2=0.999, exp_kwargs={'alpha': 4}, exp_type='cutmix', gamma=0.1, label_smoothing=0.0, loss_function='CEL', lr=0.006, momentum=0.5, num_epochs=15, num_of_frozen_blocks=2, optimizer_type='SGD', path='/home/s1870157/Advanced-Vision/mlp-cluster', reduction='mean', step_size=7, weight_decay=0.006)
50000
40000
10000
Epoch 0/14
----------
train Loss: 6.2078 Acc: 0.1121
val Loss: 3.5286 Acc: 0.2748

Epoch 1/14
----------
train Loss: 5.1946 Acc: 0.1480
val Loss: 3.4279 Acc: 0.2956

Epoch 2/14
----------
train Loss: 5.0949 Acc: 0.1599
val Loss: 3.3323 Acc: 0.3042

Epoch 3/14
----------
train Loss: 5.0368 Acc: 0.1712
val Loss: 3.3081 Acc: 0.3135

Epoch 4/14
----------
train Loss: 4.9971 Acc: 0.1754
val Loss: 3.2865 Acc: 0.3179

Epoch 5/14
----------
train Loss: 4.9528 Acc: 0.1810
val Loss: 3.2262 Acc: 0.3212

Epoch 6/14
----------
train Loss: 4.9060 Acc: 0.1897
val Loss: 3.1881 Acc: 0.3248

Epoch 7/14
----------
train Loss: 4.8449 Acc: 0.2001
val Loss: 3.1317 Acc: 0.3386

Epoch 8/14
----------
train Loss: 4.8304 Acc: 0.2036
val Loss: 3.1291 Acc: 0.3383

Epoch 9/14
----------
train Loss: 4.8150 Acc: 0.2063
val Loss: 3.1261 Acc: 0.3392

Epoch 10/14
----------
train Loss: 4.8169 Acc: 0.2029
val Loss: 3.1149 Acc: 0.3405

Epoch 11/14
----------
train Loss: 4.8051 Acc: 0.2076
val Loss: 3.1186 Acc: 0.3405

Epoch 12/14
----------
