cutmix {'alpha': 2}
Namespace(amsgrad=False, beta1=0.9, beta2=0.999, exp_kwargs={'alpha': 2}, exp_type='cutmix', gamma=0.1, label_smoothing=0.0, loss_function='CEL', lr=0.006, momentum=0.5, num_epochs=15, num_of_frozen_blocks=2, optimizer_type='SGD', path='/home/s1870157/Advanced-Vision/mlp-cluster', reduction='mean', step_size=7, weight_decay=0.006)
50000
40000
10000
Epoch 0/14
----------
train Loss: 6.1463 Acc: 0.1241
val Loss: 3.5452 Acc: 0.2711

Epoch 1/14
----------
train Loss: 5.1324 Acc: 0.1595
val Loss: 3.4080 Acc: 0.2903

Epoch 2/14
----------
train Loss: 5.0288 Acc: 0.1701
val Loss: 3.3662 Acc: 0.2955

Epoch 3/14
----------
train Loss: 4.9603 Acc: 0.1841
val Loss: 3.3027 Acc: 0.3045

Epoch 4/14
----------
train Loss: 4.9135 Acc: 0.1884
val Loss: 3.2668 Acc: 0.3139

Epoch 5/14
----------
train Loss: 4.8788 Acc: 0.1924
val Loss: 3.2161 Acc: 0.3195

Epoch 6/14
----------
train Loss: 4.8352 Acc: 0.1991
val Loss: 3.2055 Acc: 0.3191

Epoch 7/14
----------
train Loss: 4.7640 Acc: 0.2137
val Loss: 3.1394 Acc: 0.3321

Epoch 8/14
----------
train Loss: 4.7474 Acc: 0.2122
val Loss: 3.1339 Acc: 0.3331

Epoch 9/14
----------
train Loss: 4.7397 Acc: 0.2179
val Loss: 3.1177 Acc: 0.3352

Epoch 10/14
----------
train Loss: 4.7279 Acc: 0.2186
val Loss: 3.1170 Acc: 0.3368

Epoch 11/14
----------
train Loss: 4.7186 Acc: 0.2204
val Loss: 3.1095 Acc: 0.3374

Epoch 12/14
----------
train Loss: 4.7158 Acc: 0.2191
