cutmix {'alpha': 3}
Namespace(amsgrad=False, beta1=0.9, beta2=0.999, exp_kwargs={'alpha': 3}, exp_type='cutmix', gamma=0.1, label_smoothing=0.0, loss_function='CEL', lr=0.006, momentum=0.5, num_epochs=15, num_of_frozen_blocks=2, optimizer_type='SGD', path='/home/s1870157/Advanced-Vision/mlp-cluster', reduction='mean', step_size=7, weight_decay=0.006)
50000
40000
10000
Epoch 0/14
----------
train Loss: 6.2090 Acc: 0.1160
val Loss: 3.5476 Acc: 0.2732

Epoch 1/14
----------
train Loss: 5.1818 Acc: 0.1525
val Loss: 3.4361 Acc: 0.2912

Epoch 2/14
----------
train Loss: 5.0770 Acc: 0.1675
val Loss: 3.3552 Acc: 0.3039

Epoch 3/14
----------
train Loss: 5.0163 Acc: 0.1741
val Loss: 3.3046 Acc: 0.3116

Epoch 4/14
----------
train Loss: 4.9620 Acc: 0.1831
val Loss: 3.2877 Acc: 0.3141

Epoch 5/14
----------
train Loss: 4.9243 Acc: 0.1887
val Loss: 3.2397 Acc: 0.3197

Epoch 6/14
----------
train Loss: 4.8821 Acc: 0.1938
val Loss: 3.2216 Acc: 0.3231

Epoch 7/14
----------
train Loss: 4.8162 Acc: 0.2058
val Loss: 3.1689 Acc: 0.3304

Epoch 8/14
----------
train Loss: 4.8020 Acc: 0.2081
val Loss: 3.1370 Acc: 0.3353

Epoch 9/14
----------
train Loss: 4.7937 Acc: 0.2082
val Loss: 3.1354 Acc: 0.3335

Epoch 10/14
----------
train Loss: 4.7926 Acc: 0.2120
val Loss: 3.1335 Acc: 0.3356

Epoch 11/14
----------
train Loss: 4.7862 Acc: 0.2120
val Loss: 3.1158 Acc: 0.3379

Epoch 12/14
----------
train Loss: 4.7803 Acc: 0.2138
