cutmix {'alpha': 3}
Namespace(amsgrad=False, beta1=0.9, beta2=0.999, exp_kwargs={'alpha': 3}, exp_type='cutmix', gamma=0.1, label_smoothing=0.0, loss_function='CEL', lr=0.01, momentum=0.5, num_epochs=15, num_of_frozen_blocks=2, optimizer_type='SGD', path='/home/s1870157/Advanced-Vision/mlp-cluster', reduction='mean', step_size=7, weight_decay=0.006)
50000
40000
10000
Epoch 0/14
----------
train Loss: 5.8782 Acc: 0.1237
val Loss: 3.5277 Acc: 0.2783

Epoch 1/14
----------
train Loss: 5.1219 Acc: 0.1584
val Loss: 3.4202 Acc: 0.2908

Epoch 2/14
----------
train Loss: 5.0202 Acc: 0.1719
val Loss: 3.3613 Acc: 0.2971

Epoch 3/14
----------
train Loss: 4.9590 Acc: 0.1802
val Loss: 3.3210 Acc: 0.3007

Epoch 4/14
----------
train Loss: 4.9039 Acc: 0.1893
val Loss: 3.2985 Acc: 0.3043

Epoch 5/14
----------
train Loss: 4.8540 Acc: 0.1958
val Loss: 3.2685 Acc: 0.3087

Epoch 6/14
----------
train Loss: 4.8163 Acc: 0.2013
val Loss: 3.2701 Acc: 0.3133

Epoch 7/14
----------
train Loss: 4.7199 Acc: 0.2239
val Loss: 3.1205 Acc: 0.3358

Epoch 8/14
----------
train Loss: 4.6855 Acc: 0.2264
val Loss: 3.0923 Acc: 0.3413

Epoch 9/14
----------
train Loss: 4.6796 Acc: 0.2311
val Loss: 3.0887 Acc: 0.3416

Epoch 10/14
----------
train Loss: 4.6701 Acc: 0.2320
val Loss: 3.0852 Acc: 0.3427

Epoch 11/14
----------
train Loss: 4.6667 Acc: 0.2332
val Loss: 3.0751 Acc: 0.3464

Epoch 12/14
----------
