slurmstepd-landonia02: error: slurm_get_node_energy: Connection refused
slurmstepd-landonia02: error: _get_joules_task: can't get info from slurmd
slurmstepd-landonia02: error: slurm_get_node_energy: Zero Bytes were transmitted or received
slurmstepd-landonia02: error: _get_joules_task: can't get info from slurmd
slurmstepd-landonia02: error: slurm_get_node_energy: Connection refused
slurmstepd-landonia02: error: _get_joules_task: can't get info from slurmd
cutmix {}
50000
40000
10000
Epoch 0/14
----------
slurmstepd-landonia02: error: slurm_get_node_energy: Connection refused
slurmstepd-landonia02: error: _get_joules_task: can't get info from slurmd
slurmstepd-landonia02: error: slurm_get_node_energy: Connection refused
slurmstepd-landonia02: error: _get_joules_task: can't get info from slurmd
slurmstepd-landonia02: error: slurm_get_node_energy: Connection refused
slurmstepd-landonia02: error: _get_joules_task: can't get info from slurmd
slurmstepd-landonia02: error: slurm_get_node_energy: Connection refused
slurmstepd-landonia02: error: _get_joules_task: can't get info from slurmd
slurmstepd-landonia02: error: slurm_get_node_energy: Connection refused
slurmstepd-landonia02: error: _get_joules_task: can't get info from slurmd
slurmstepd-landonia02: error: slurm_get_node_energy: Connection refused
slurmstepd-landonia02: error: _get_joules_task: can't get info from slurmd
slurmstepd-landonia02: error: slurm_get_node_energy: Connection refused
slurmstepd-landonia02: error: _get_joules_task: can't get info from slurmd
slurmstepd-landonia02: error: slurm_get_node_energy: Connection refused
slurmstepd-landonia02: error: _get_joules_task: can't get info from slurmd
slurmstepd-landonia02: error: slurm_get_node_energy: Connection refused
slurmstepd-landonia02: error: _get_joules_task: can't get info from slurmd
slurmstepd-landonia02: error: slurm_get_node_energy: Connection refused
slurmstepd-landonia02: error: _get_joules_task: can't get info from slurmd
slurmstepd-landonia02: error: slurm_get_node_energy: Connection refused
slurmstepd-landonia02: error: _get_joules_task: can't get info from slurmd
slurmstepd-landonia02: error: slurm_get_node_energy: Connection refused
slurmstepd-landonia02: error: _get_joules_task: can't get info from slurmd
slurmstepd-landonia02: error: slurm_get_node_energy: Connection refused
slurmstepd-landonia02: error: _get_joules_task: can't get info from slurmd
slurmstepd-landonia02: error: slurm_get_node_energy: Connection refused
slurmstepd-landonia02: error: _get_joules_task: can't get info from slurmd
slurmstepd-landonia02: error: slurm_get_node_energy: Connection refused
slurmstepd-landonia02: error: _get_joules_task: can't get info from slurmd
slurmstepd-landonia02: error: slurm_get_node_energy: Connection refused
slurmstepd-landonia02: error: _get_joules_task: can't get info from slurmd
slurmstepd-landonia02: error: slurm_get_node_energy: Connection refused
slurmstepd-landonia02: error: _get_joules_task: can't get info from slurmd
slurmstepd-landonia02: error: slurm_get_node_energy: Connection refused
slurmstepd-landonia02: error: _get_joules_task: can't get info from slurmd
train Loss: 6.2224 Acc: 0.1111
slurmstepd-landonia02: error: slurm_get_node_energy: Connection refused
slurmstepd-landonia02: error: _get_joules_task: can't get info from slurmd
train Loss: 6.2229 Acc: 0.1117
val Loss: 3.5349 Acc: 0.2664

Epoch 1/14
----------
train Loss: 5.2279 Acc: 0.1465
val Loss: 3.4532 Acc: 0.2800

Epoch 2/14
----------
train Loss: 5.1221 Acc: 0.1650
val Loss: 3.3371 Acc: 0.2981

Epoch 3/14
----------
train Loss: 5.0719 Acc: 0.1673
val Loss: 3.2938 Acc: 0.3080

Epoch 4/14
----------
train Loss: 5.0211 Acc: 0.1765
val Loss: 3.2445 Acc: 0.3121

Epoch 5/14
----------
train Loss: 4.9779 Acc: 0.1832
val Loss: 3.2612 Acc: 0.3102

Epoch 6/14
----------
train Loss: 4.9396 Acc: 0.1875
val Loss: 3.1934 Acc: 0.3202

Epoch 7/14
----------
train Loss: 4.8868 Acc: 0.1964
val Loss: 3.1517 Acc: 0.3270

Epoch 8/14
----------
train Loss: 4.8650 Acc: 0.2027
val Loss: 3.1332 Acc: 0.3304

Epoch 9/14
----------
train Loss: 4.8661 Acc: 0.2012
val Loss: 3.1354 Acc: 0.3302

Epoch 10/14
----------
train Loss: 4.8598 Acc: 0.2013
val Loss: 3.1273 Acc: 0.3333

Epoch 11/14
----------
train Loss: 4.8514 Acc: 0.2023
val Loss: 3.1195 Acc: 0.3315

Epoch 12/14
----------
train Loss: 4.8472 Acc: 0.2039
val Loss: 3.1264 Acc: 0.3312

Epoch 13/14
----------
slurmstepd-landonia07: error: *** JOB 1380353 ON landonia07 CANCELLED AT 2022-03-10T09:59:47 DUE TO TIME LIMIT ***
