cutmix {'alpha': 1}
Namespace(amsgrad=False, batch_size=64, beta1=0.9, beta2=0.999, checkpoint_file=None, exp_kwargs={'alpha': 1}, exp_type='cutmix', gamma=0.1, job_id='1', loss_function='CEL', lr=0.01, momentum=0.5, num_epochs=15, num_of_frozen_blocks=2, num_workers=1, optimizer_type='SGD', path='/home/s1870157/Advanced-Vision/mlp-cluster', perform_inference=False, step_size=7, weight_decay=0.006)
50000
40000
10000
Loading /home/s1870157/Advanced-Vision/mlp-cluster/resnet50_fconv_model_best.pth.tar...
Epoch 0/14
----------
train Loss: 5.7172 Acc: 0.1390
val Loss: 3.4784 Acc: 0.2851
Saving checkpoint for epoch 0...

Epoch 1/14
----------
train Loss: 4.9514 Acc: 0.1762
val Loss: 3.3300 Acc: 0.3053
Saving checkpoint for epoch 1...

Epoch 2/14
----------
train Loss: 4.8662 Acc: 0.1884
val Loss: 3.2772 Acc: 0.3121
Saving checkpoint for epoch 2...

Epoch 3/14
----------
train Loss: 4.7979 Acc: 0.1981
val Loss: 3.2564 Acc: 0.3184
Saving checkpoint for epoch 3...

Epoch 4/14
----------
train Loss: 4.7514 Acc: 0.2052
val Loss: 3.2237 Acc: 0.3138

Epoch 5/14
----------
train Loss: 4.7004 Acc: 0.2157
val Loss: 3.1701 Acc: 0.3221
Saving checkpoint for epoch 5...

Epoch 6/14
----------
train Loss: 4.6617 Acc: 0.2188
val Loss: 3.1776 Acc: 0.3264
Saving checkpoint for epoch 6...

Epoch 7/14
----------
train Loss: 4.5542 Acc: 0.2404
val Loss: 3.0427 Acc: 0.3477
Saving checkpoint for epoch 7...

Epoch 8/14
----------
train Loss: 4.5225 Acc: 0.2462
val Loss: 3.0168 Acc: 0.3573
Saving checkpoint for epoch 8...

Epoch 9/14
----------
train Loss: 4.5242 Acc: 0.2487
val Loss: 3.0078 Acc: 0.3605
Saving checkpoint for epoch 9...

Epoch 10/14
----------
train Loss: 4.5058 Acc: 0.2516
val Loss: 2.9957 Acc: 0.3603

Epoch 11/14
----------
train Loss: 4.4890 Acc: 0.2542
val Loss: 2.9941 Acc: 0.3625
Saving checkpoint for epoch 11...

Epoch 12/14
----------
