p_mixup {'p': 0.2}
50000
40000
10000
Epoch 0/14
----------
train Loss: 4.4965 Acc: 0.2416
val Loss: 3.3227 Acc: 0.3060

Epoch 1/14
----------
train Loss: 3.5023 Acc: 0.2915
val Loss: 3.1725 Acc: 0.3226

Epoch 2/14
----------
train Loss: 3.3157 Acc: 0.3213
val Loss: 3.1189 Acc: 0.3335

Epoch 3/14
----------
train Loss: 3.2281 Acc: 0.3333
val Loss: 3.0868 Acc: 0.3363

Epoch 4/14
----------
train Loss: 3.1271 Acc: 0.3497
val Loss: 3.0691 Acc: 0.3477

Epoch 5/14
----------
train Loss: 3.0290 Acc: 0.3676
val Loss: 3.0621 Acc: 0.3418

Epoch 6/14
----------
train Loss: 2.9746 Acc: 0.3742
val Loss: 3.0374 Acc: 0.3450

Epoch 7/14
----------
train Loss: 2.7608 Acc: 0.4140
val Loss: 2.9192 Acc: 0.3641

Epoch 8/14
----------
train Loss: 2.7162 Acc: 0.4270
val Loss: 2.9086 Acc: 0.3666

Epoch 9/14
----------
train Loss: 2.6786 Acc: 0.4343
val Loss: 2.9051 Acc: 0.3675

Epoch 10/14
----------
train Loss: 2.6760 Acc: 0.4382
val Loss: 2.9077 Acc: 0.3698

Epoch 11/14
----------
train Loss: 2.6611 Acc: 0.4333
val Loss: 2.8900 Acc: 0.3699

Epoch 12/14
----------
train Loss: 2.6564 Acc: 0.4399
val Loss: 2.8886 Acc: 0.3720

Epoch 13/14
----------
train Loss: 2.6399 Acc: 0.4432
val Loss: 2.8883 Acc: 0.3728

Epoch 14/14
----------
train Loss: 2.6054 Acc: 0.4495
val Loss: 2.8814 Acc: 0.3708

Training complete in 373m 9s
Best val Acc: 0.372800
