mixup {'alpha': 3}
Namespace(amsgrad=False, beta1=0.9, beta2=0.999, exp_kwargs={'alpha': 3}, exp_type='mixup', gamma=0.1, label_smoothing=0.0, loss_function='CEL', lr=0.006, momentum=0.5, num_epochs=15, num_of_frozen_blocks=2, optimizer_type='SGD', path='/home/s1870157/Advanced-Vision/mlp-cluster', reduction='mean', step_size=7, weight_decay=0.006)
50000
40000
10000
Epoch 0/14
----------
train Loss: 5.0852 Acc: 0.2151
val Loss: 3.3374 Acc: 0.2984

Epoch 1/14
----------
train Loss: 4.0705 Acc: 0.2634
val Loss: 3.1169 Acc: 0.3325

Epoch 2/14
----------
train Loss: 3.9323 Acc: 0.2846
val Loss: 3.0472 Acc: 0.3494

Epoch 3/14
----------
train Loss: 3.8364 Acc: 0.3021
val Loss: 2.9498 Acc: 0.3660

Epoch 4/14
----------
train Loss: 3.7518 Acc: 0.3149
val Loss: 2.8901 Acc: 0.3676

Epoch 5/14
----------
train Loss: 3.6860 Acc: 0.3277
val Loss: 2.8122 Acc: 0.3847

Epoch 6/14
----------
train Loss: 3.6194 Acc: 0.3409
val Loss: 2.7508 Acc: 0.3951

Epoch 7/14
----------
train Loss: 3.5151 Acc: 0.3625
val Loss: 2.6404 Acc: 0.4151

Epoch 8/14
----------
train Loss: 3.4481 Acc: 0.3760
val Loss: 2.6112 Acc: 0.4230

Epoch 9/14
----------
train Loss: 3.4539 Acc: 0.3764
val Loss: 2.5838 Acc: 0.4281

Epoch 10/14
----------
train Loss: 3.4300 Acc: 0.3818
val Loss: 2.5627 Acc: 0.4334

Epoch 11/14
----------
train Loss: 3.4147 Acc: 0.3861
val Loss: 2.5470 Acc: 0.4309

Epoch 12/14
----------
