mixup {'alpha': 2}
Namespace(amsgrad=False, batch_size=64, beta1=0.9, beta2=0.999, checkpoint_file=None, exp_kwargs={'alpha': 2}, exp_type='mixup', gamma=0.1, job_id='10', loss_function='CEL', lr=0.01, momentum=0.5, num_epochs=15, num_of_frozen_blocks=2, num_workers=1, optimizer_type='SGD', path='/home/s1870157/Advanced-Vision/mlp-cluster', perform_inference=False, step_size=7, weight_decay=0.006)
50000
40000
10000
Loading /home/s1870157/Advanced-Vision/mlp-cluster/resnet50_fconv_model_best.pth.tar...
Epoch 0/14
----------
train Loss: 4.8155 Acc: 0.2198
val Loss: 3.3016 Acc: 0.3057
Saving checkpoint for epoch 0...

Epoch 1/14
----------
train Loss: 4.0284 Acc: 0.2687
val Loss: 3.1217 Acc: 0.3372
Saving checkpoint for epoch 1...

Epoch 2/14
----------
train Loss: 3.8738 Acc: 0.2938
val Loss: 3.0030 Acc: 0.3560
Saving checkpoint for epoch 2...

Epoch 3/14
----------
train Loss: 3.7773 Acc: 0.3137
val Loss: 2.9389 Acc: 0.3684
Saving checkpoint for epoch 3...

Epoch 4/14
----------
train Loss: 3.6940 Acc: 0.3250
val Loss: 2.8643 Acc: 0.3797
Saving checkpoint for epoch 4...

Epoch 5/14
----------
train Loss: 3.6330 Acc: 0.3357
val Loss: 2.9357 Acc: 0.3696

Epoch 6/14
----------
train Loss: 3.6108 Acc: 0.3414
val Loss: 2.8036 Acc: 0.3909
Saving checkpoint for epoch 6...

Epoch 7/14
----------
train Loss: 3.4488 Acc: 0.3824
val Loss: 2.5600 Acc: 0.4418
Saving checkpoint for epoch 7...

Epoch 8/14
----------
train Loss: 3.3896 Acc: 0.3984
val Loss: 2.5244 Acc: 0.4511
Saving checkpoint for epoch 8...

Epoch 9/14
----------
train Loss: 3.3572 Acc: 0.4098
val Loss: 2.4930 Acc: 0.4531
Saving checkpoint for epoch 9...

Epoch 10/14
----------
train Loss: 3.3579 Acc: 0.4074
val Loss: 2.4798 Acc: 0.4622
Saving checkpoint for epoch 10...

Epoch 11/14
----------
train Loss: 3.3490 Acc: 0.4129
val Loss: 2.4588 Acc: 0.4660
Saving checkpoint for epoch 11...

Epoch 12/14
----------
