mixup {'alpha': 2}
Namespace(amsgrad=False, batch_size=64, beta1=0.9, beta2=0.999, checkpoint_file=None, exp_kwargs={'alpha': 2}, exp_type='mixup', gamma=0.1, job_id='4', loss_function='CEL', lr=0.01, momentum=0.5, num_epochs=15, num_of_frozen_blocks=2, num_workers=1, optimizer_type='SGD', path='/home/s1870157/Advanced-Vision/mlp-cluster', step_size=4, weight_decay=0.006)
50000
40000
10000
Loading /home/s1870157/Advanced-Vision/mlp-cluster/resnet50_fconv_model_best.pth.tar...
Epoch 0/14
----------
train Loss: 4.7823 Acc: 0.2227
val Loss: 3.2890 Acc: 0.3010
Saving checkpoint for epoch 0...

Epoch 1/14
----------
train Loss: 4.0136 Acc: 0.2714
val Loss: 3.1111 Acc: 0.3340
Saving checkpoint for epoch 1...

Epoch 2/14
----------
train Loss: 3.8687 Acc: 0.2941
val Loss: 3.0281 Acc: 0.3453
Saving checkpoint for epoch 2...

Epoch 3/14
----------
train Loss: 3.7779 Acc: 0.3135
val Loss: 2.9531 Acc: 0.3572
Saving checkpoint for epoch 3...

Epoch 4/14
----------
train Loss: 3.6110 Acc: 0.3452
val Loss: 2.7440 Acc: 0.3908
Saving checkpoint for epoch 4...

Epoch 5/14
----------
train Loss: 3.5651 Acc: 0.3563
val Loss: 2.7075 Acc: 0.4011
Saving checkpoint for epoch 5...

Epoch 6/14
----------
train Loss: 3.5484 Acc: 0.3599
val Loss: 2.6887 Acc: 0.4019
Saving checkpoint for epoch 6...

Epoch 7/14
----------
train Loss: 3.5257 Acc: 0.3613
val Loss: 2.6631 Acc: 0.4099
Saving checkpoint for epoch 7...

Epoch 8/14
----------
train Loss: 3.5029 Acc: 0.3704
val Loss: 2.6387 Acc: 0.4136
Saving checkpoint for epoch 8...

Epoch 9/14
----------
train Loss: 3.4936 Acc: 0.3729
val Loss: 2.6373 Acc: 0.4128

Epoch 10/14
----------
train Loss: 3.4778 Acc: 0.3712
val Loss: 2.6313 Acc: 0.4124

Epoch 11/14
----------
train Loss: 3.4910 Acc: 0.3699
val Loss: 2.6475 Acc: 0.4100

Epoch 12/14
----------
